<?xml version="1.0" encoding="UTF-8"?>
<testng-results skipped="0" failed="0" ignored="0" total="1" passed="1">
  <reporter-output>
  </reporter-output>
  <suite name="Mobile Suite" duration-ms="68991" started-at="2019-08-23T13:19:02Z" finished-at="2019-08-23T13:20:11Z">
    <groups>
    </groups>
    <test name="CustomBillingSchedules" duration-ms="68991" started-at="2019-08-23T13:19:02Z" finished-at="2019-08-23T13:20:11Z">
      <class name="appium.android.App">
        <test-method status="PASS" signature="initialize()[pri:0, instance:appium.android.App@7225790e]" name="initialize" is-config="true" duration-ms="19311" started-at="2019-08-23T13:19:02Z" finished-at="2019-08-23T13:19:21Z">
          <reporter-output>
          </reporter-output>
        </test-method> <!-- initialize -->
        <test-method status="PASS" signature="signInPageValidation()[pri:0, instance:appium.android.App@7225790e]" name="signInPageValidation" duration-ms="42296" started-at="2019-08-23T13:19:21Z" finished-at="2019-08-23T13:20:03Z">
          <reporter-output>
          </reporter-output>
        </test-method> <!-- signInPageValidation -->
        <test-method status="PASS" signature="tearDown()[pri:0, instance:appium.android.App@7225790e]" name="tearDown" is-config="true" duration-ms="7365" started-at="2019-08-23T13:20:03Z" finished-at="2019-08-23T13:20:11Z">
          <reporter-output>
          </reporter-output>
        </test-method> <!-- tearDown -->
      </class> <!-- appium.android.App -->
    </test> <!-- CustomBillingSchedules -->
  </suite> <!-- Mobile Suite -->
</testng-results>
